<?xml version="1.0" encoding="UTF-8"?>
<robot generator="Robot 7.2.2 (Python 3.10.12 on linux)" generated="2025-02-27T09:12:13.620604" rpa="false" schemaversion="5">
<suite id="s1" name="lotaryTestcases" source="/home/nb-ausa/Desktop/automate-future-skill/testcases/lotaryTestcases.robot">
<kw name="Open Browser" owner="SeleniumLibrary" type="SETUP">
<msg time="2025-02-27T09:12:13.786749" level="INFO">Opening browser 'chrome' to base url 'https://news.sanook.com/lotto/'.</msg>
<arg>${baseUrl_T}</arg>
<arg>chrome</arg>
<doc>Opens a new browser instance to the optional ``url``.</doc>
<status status="PASS" start="2025-02-27T09:12:13.786433" elapsed="4.502343"/>
</kw>
<test id="s1-t1" name="As a user, I want to login success with valid credential" line="11">
<kw name="When user login to future skill platform with ${numbergood}" owner="lotaryPageKeywords" source_name="When user login to future skill platform with ${numbergood}">
<kw name="Wait until element is ready then input text" owner="CommonKeywords">
<kw name="Wait Until Keyword Succeeds" owner="BuiltIn">
<kw name="Input Text" owner="SeleniumLibrary">
<msg time="2025-02-27T09:12:18.292050" level="INFO">Typing text '123456' into text field 'xpath=//input[@placeholder="กรอกเลขสลาก ใบที่ 1"]'.</msg>
<arg>${locator}</arg>
<arg>${text}</arg>
<doc>Types the given ``text`` into the text field identified by ``locator``.</doc>
<status status="PASS" start="2025-02-27T09:12:18.291617" elapsed="0.130775"/>
</kw>
<arg>5x</arg>
<arg>2s</arg>
<arg>Input Text</arg>
<arg>${locator}</arg>
<arg>${text}</arg>
<doc>Runs the specified keyword and retries if it fails.</doc>
<status status="PASS" start="2025-02-27T09:12:18.291301" elapsed="0.131276"/>
</kw>
<arg>xpath=//input[@placeholder="กรอกเลขสลาก ใบที่ 1"]</arg>
<arg>${numbergood}</arg>
<status status="PASS" start="2025-02-27T09:12:18.290842" elapsed="0.131891"/>
</kw>
<kw name="Wait until element is ready then click element" owner="CommonKeywords">
<kw name="Wait Until Keyword Succeeds" owner="BuiltIn">
<kw name="Click Element" owner="SeleniumLibrary">
<msg time="2025-02-27T09:12:18.438912" level="INFO">Clicking element 'xpath=//button[@title="ตรวจสลากฯ ของคุณ"]'.</msg>
<arg>${locator}</arg>
<doc>Click the element identified by ``locator``.</doc>
<status status="PASS" start="2025-02-27T09:12:18.424046" elapsed="0.980146"/>
</kw>
<arg>5x</arg>
<arg>2s</arg>
<arg>Click Element</arg>
<arg>${locator}</arg>
<doc>Runs the specified keyword and retries if it fails.</doc>
<status status="PASS" start="2025-02-27T09:12:18.423622" elapsed="0.980734"/>
</kw>
<arg>xpath=//button[@title="ตรวจสลากฯ ของคุณ"]</arg>
<status status="PASS" start="2025-02-27T09:12:18.423076" elapsed="0.981389"/>
</kw>
<status status="PASS" start="2025-02-27T09:12:18.290139" elapsed="1.114407"/>
</kw>
<kw name="Then future skill should display home page and display message as &quot;ไม่ถูกรางวัล&quot;" owner="lotaryPageKeywords" source_name="Then future skill should display home page and display message as &quot;${expected_message}&quot;">
<kw name="CommonKeywords.Wait until page contains element then verify text">
<msg time="2025-02-27T09:12:19.407136" level="FAIL">No keyword with name 'CommonKeywords.Wait until page contains element then verify text' found. Did you mean:
    CommonKeywords.Wait until page contains elemment then veryify text</msg>
<arg>${expected_message}</arg>
<status status="FAIL" start="2025-02-27T09:12:19.407061" elapsed="0.000140">No keyword with name 'CommonKeywords.Wait until page contains element then verify text' found. Did you mean:
    CommonKeywords.Wait until page contains elemment then veryify text</status>
</kw>
<status status="FAIL" start="2025-02-27T09:12:19.404949" elapsed="0.002405">No keyword with name 'CommonKeywords.Wait until page contains element then verify text' found. Did you mean:
    CommonKeywords.Wait until page contains elemment then veryify text</status>
</kw>
<status status="FAIL" start="2025-02-27T09:12:18.289024" elapsed="1.118604">No keyword with name 'CommonKeywords.Wait until page contains element then verify text' found. Did you mean:
    CommonKeywords.Wait until page contains elemment then veryify text</status>
</test>
<test id="s1-t2" name="As a user, I fail to login with invalid credential" line="16">
<kw name="When user login to future skill platform with ${numberout}" owner="lotaryPageKeywords" source_name="When user login to future skill platform with ${numbergood}">
<kw name="Wait until element is ready then input text" owner="CommonKeywords">
<kw name="Wait Until Keyword Succeeds" owner="BuiltIn">
<kw name="Input Text" owner="SeleniumLibrary">
<msg time="2025-02-27T09:12:19.409607" level="INFO">Typing text '654321' into text field 'xpath=//input[@placeholder="กรอกเลขสลาก ใบที่ 1"]'.</msg>
<arg>${locator}</arg>
<arg>${text}</arg>
<doc>Types the given ``text`` into the text field identified by ``locator``.</doc>
<status status="PASS" start="2025-02-27T09:12:19.409353" elapsed="0.206141"/>
</kw>
<arg>5x</arg>
<arg>2s</arg>
<arg>Input Text</arg>
<arg>${locator}</arg>
<arg>${text}</arg>
<doc>Runs the specified keyword and retries if it fails.</doc>
<status status="PASS" start="2025-02-27T09:12:19.409114" elapsed="0.206664"/>
</kw>
<arg>xpath=//input[@placeholder="กรอกเลขสลาก ใบที่ 1"]</arg>
<arg>${numbergood}</arg>
<status status="PASS" start="2025-02-27T09:12:19.408713" elapsed="0.207228"/>
</kw>
<kw name="Wait until element is ready then click element" owner="CommonKeywords">
<kw name="Wait Until Keyword Succeeds" owner="BuiltIn">
<kw name="Click Element" owner="SeleniumLibrary">
<msg time="2025-02-27T09:12:19.617977" level="INFO">Clicking element 'xpath=//button[@title="ตรวจสลากฯ ของคุณ"]'.</msg>
<arg>${locator}</arg>
<doc>Click the element identified by ``locator``.</doc>
<status status="PASS" start="2025-02-27T09:12:19.617572" elapsed="0.561576"/>
</kw>
<arg>5x</arg>
<arg>2s</arg>
<arg>Click Element</arg>
<arg>${locator}</arg>
<doc>Runs the specified keyword and retries if it fails.</doc>
<status status="PASS" start="2025-02-27T09:12:19.617144" elapsed="0.562332"/>
</kw>
<arg>xpath=//button[@title="ตรวจสลากฯ ของคุณ"]</arg>
<status status="PASS" start="2025-02-27T09:12:19.616431" elapsed="0.563254"/>
</kw>
<status status="PASS" start="2025-02-27T09:12:19.408350" elapsed="0.771485"/>
</kw>
<kw name="Then future skill should display display validate login fail message as &quot;เสียใจด้วย ก้มหน้าทำงานของคุณต่อไปซะ&quot;" owner="inlotaryPageKeywords" source_name="future skill should display display validate login fail message as &quot;${expected_message}&quot;">
<kw name="Wait until page contains elemment then veryify text" owner="CommonKeywords">
<kw name="Wait Until Keyword Succeeds" owner="BuiltIn">
<kw name="Page Should Contain" owner="SeleniumLibrary">
<msg time="2025-02-27T09:12:20.866321" level="INFO" html="true">&lt;/td&gt;&lt;/tr&gt;&lt;tr&gt;&lt;td colspan="3"&gt;&lt;a href="selenium-screenshot-1.png"&gt;&lt;img src="selenium-screenshot-1.png" width="800px"&gt;&lt;/a&gt;</msg>
<msg time="2025-02-27T09:12:20.866546" level="FAIL">Page should have contained text 'เสียใจด้วย ก้มหน้าทำงานของคุณต่อไปซะ' but did not.</msg>
<arg>${expected_text}</arg>
<doc>Verifies that current page contains ``text``.</doc>
<status status="FAIL" start="2025-02-27T09:12:20.182233" elapsed="0.685959">Page should have contained text 'เสียใจด้วย ก้มหน้าทำงานของคุณต่อไปซะ' but did not.</status>
</kw>
<kw name="Page Should Contain" owner="SeleniumLibrary">
<msg time="2025-02-27T09:12:23.423349" level="INFO" html="true">&lt;/td&gt;&lt;/tr&gt;&lt;tr&gt;&lt;td colspan="3"&gt;&lt;a href="selenium-screenshot-2.png"&gt;&lt;img src="selenium-screenshot-2.png" width="800px"&gt;&lt;/a&gt;</msg>
<msg time="2025-02-27T09:12:23.423665" level="FAIL">Page should have contained text 'เสียใจด้วย ก้มหน้าทำงานของคุณต่อไปซะ' but did not.</msg>
<arg>${expected_text}</arg>
<doc>Verifies that current page contains ``text``.</doc>
<status status="FAIL" start="2025-02-27T09:12:22.868711" elapsed="0.555164">Page should have contained text 'เสียใจด้วย ก้มหน้าทำงานของคุณต่อไปซะ' but did not.</status>
</kw>
<kw name="Page Should Contain" owner="SeleniumLibrary">
<msg time="2025-02-27T09:12:25.938976" level="INFO" html="true">&lt;/td&gt;&lt;/tr&gt;&lt;tr&gt;&lt;td colspan="3"&gt;&lt;a href="selenium-screenshot-3.png"&gt;&lt;img src="selenium-screenshot-3.png" width="800px"&gt;&lt;/a&gt;</msg>
<msg time="2025-02-27T09:12:25.939165" level="FAIL">Page should have contained text 'เสียใจด้วย ก้มหน้าทำงานของคุณต่อไปซะ' but did not.</msg>
<arg>${expected_text}</arg>
<doc>Verifies that current page contains ``text``.</doc>
<status status="FAIL" start="2025-02-27T09:12:25.424360" elapsed="0.514963">Page should have contained text 'เสียใจด้วย ก้มหน้าทำงานของคุณต่อไปซะ' but did not.</status>
</kw>
<kw name="Page Should Contain" owner="SeleniumLibrary">
<msg time="2025-02-27T09:12:28.422807" level="INFO" html="true">&lt;/td&gt;&lt;/tr&gt;&lt;tr&gt;&lt;td colspan="3"&gt;&lt;a href="selenium-screenshot-4.png"&gt;&lt;img src="selenium-screenshot-4.png" width="800px"&gt;&lt;/a&gt;</msg>
<msg time="2025-02-27T09:12:28.423021" level="FAIL">Page should have contained text 'เสียใจด้วย ก้มหน้าทำงานของคุณต่อไปซะ' but did not.</msg>
<arg>${expected_text}</arg>
<doc>Verifies that current page contains ``text``.</doc>
<status status="FAIL" start="2025-02-27T09:12:27.939866" elapsed="0.483322">Page should have contained text 'เสียใจด้วย ก้มหน้าทำงานของคุณต่อไปซะ' but did not.</status>
</kw>
<kw name="Page Should Contain" owner="SeleniumLibrary">
<msg time="2025-02-27T09:12:30.923565" level="INFO" html="true">&lt;/td&gt;&lt;/tr&gt;&lt;tr&gt;&lt;td colspan="3"&gt;&lt;a href="selenium-screenshot-5.png"&gt;&lt;img src="selenium-screenshot-5.png" width="800px"&gt;&lt;/a&gt;</msg>
<msg time="2025-02-27T09:12:30.923813" level="FAIL">Page should have contained text 'เสียใจด้วย ก้มหน้าทำงานของคุณต่อไปซะ' but did not.</msg>
<arg>${expected_text}</arg>
<doc>Verifies that current page contains ``text``.</doc>
<status status="FAIL" start="2025-02-27T09:12:30.424071" elapsed="0.499902">Page should have contained text 'เสียใจด้วย ก้มหน้าทำงานของคุณต่อไปซะ' but did not.</status>
</kw>
<msg time="2025-02-27T09:12:30.924151" level="FAIL">Keyword 'Page Should Contain' failed after retrying 5 times. The last error was: Page should have contained text 'เสียใจด้วย ก้มหน้าทำงานของคุณต่อไปซะ' but did not.</msg>
<arg>5x</arg>
<arg>2s</arg>
<arg>Page Should Contain</arg>
<arg>${expected_text}</arg>
<doc>Runs the specified keyword and retries if it fails.</doc>
<status status="FAIL" start="2025-02-27T09:12:20.181906" elapsed="10.742396">Keyword 'Page Should Contain' failed after retrying 5 times. The last error was: Page should have contained text 'เสียใจด้วย ก้มหน้าทำงานของคุณต่อไปซะ' but did not.</status>
</kw>
<arg>${expected_message}</arg>
<status status="FAIL" start="2025-02-27T09:12:20.181336" elapsed="10.743134">Keyword 'Page Should Contain' failed after retrying 5 times. The last error was: Page should have contained text 'เสียใจด้วย ก้มหน้าทำงานของคุณต่อไปซะ' but did not.</status>
</kw>
<status status="FAIL" start="2025-02-27T09:12:20.180365" elapsed="10.744218">Keyword 'Page Should Contain' failed after retrying 5 times. The last error was: Page should have contained text 'เสียใจด้วย ก้มหน้าทำงานของคุณต่อไปซะ' but did not.</status>
</kw>
<status status="FAIL" start="2025-02-27T09:12:19.407901" elapsed="11.516989">Keyword 'Page Should Contain' failed after retrying 5 times. The last error was: Page should have contained text 'เสียใจด้วย ก้มหน้าทำงานของคุณต่อไปซะ' but did not.</status>
</test>
<kw name="Close Browser" owner="SeleniumLibrary" type="TEARDOWN">
<doc>Closes the current browser.</doc>
<status status="PASS" start="2025-02-27T09:12:30.925566" elapsed="0.095305"/>
</kw>
<status status="FAIL" start="2025-02-27T09:12:13.621522" elapsed="17.399477"/>
</suite>
<statistics>
<total>
<stat pass="0" fail="2" skip="0">All Tests</stat>
</total>
<tag>
</tag>
<suite>
<stat name="lotaryTestcases" id="s1" pass="0" fail="2" skip="0">lotaryTestcases</stat>
</suite>
</statistics>
<errors>
</errors>
</robot>
